2024-12-12 19:14:22.021 [ERROR] [ErrorModule] Error occurred: Error 400: Test error occurred
2024-12-12 19:15:24.130 [ERROR] [ErrorModule] Error occurred: Error 400: Test error occurred
